#
# A fatal error has been detected by the Java Runtime Environment:
#
#  SIGSEGV (0xb) at pc=0x00007f87f61200e0, pid=10253, tid=0x00007f87f652b700
#
# JRE version: Java(TM) SE Runtime Environment (8.0_111-b14) (build 1.8.0_111-b14)
# Java VM: Java HotSpot(TM) 64-Bit Server VM (25.111-b14 mixed mode linux-amd64 compressed oops)
# Problematic frame:
# C  [libpthread.so.0+0xd0e0]  pthread_spin_lock+0x0
#
# Failed to write core dump. Core dumps have been disabled. To enable core dumping, try "ulimit -c unlimited" before starting Java again
#
# If you would like to submit a bug report, please visit:
#   http://bugreport.java.com/bugreport/crash.jsp
# The crash happened outside the Java Virtual Machine in native code.
# See problematic frame for where to report the bug.
#

---------------  T H R E A D  ---------------

Current thread (0x00007f87f0009800):  JavaThread "main" [_thread_in_native, id=10258, stack(0x00007f87f642b000,0x00007f87f652c000)]

siginfo: si_signo: 11 (SIGSEGV), si_code: 1 (SEGV_MAPERR), si_addr: 0x0000000000000000

Registers:
RAX=0x000000000000006e, RBX=0x00000000000000c0, RCX=0x0000000000000000, RDX=0x00007f87f01bef00
RSP=0x00007f87f65297f8, RBP=0x0000000000000030, RSI=0x0000000000000588, RDI=0x0000000000000000
R8 =0x0000000000000000, R9 =0x0000000000000078, R10=0xfffffffffffffa80, R11=0xfffffffffffffa7c
R12=0x00007f87f6529fc0, R13=0x00000000000000b8, R14=0x0000000000000580, R15=0x0000000000000584
RIP=0x00007f87f61200e0, EFLAGS=0x0000000000010202, CSGSFS=0x0018000000000033, ERR=0x0000000000000006
  TRAPNO=0x000000000000000e

Top of Stack: (sp=0x00007f87f65297f8)
0x00007f87f65297f8:   00007f87cd1b4c99 0000000700000009
0x00007f87f6529808:   00007f87f0373e10 0000015500000002
0x00007f87f6529818:   000000b842c80000 0000000000000600
0x00007f87f6529828:   00007f87f6529bf0 4430265043c02f0e
0x00007f87f6529838:   44103525429ecdb0 440f55dec35b9074
0x00007f87f6529848:   c4b2b5594402ea38 c4c23237c405a646
0x00007f87f6529858:   0000003cc3f8fc6a 00000000000005a0
0x00007f87f6529868:   fffffffffffffa7c fffffffffffffa80
0x00007f87f6529878:   fffffffffffffa84 